/Library/Python/2.7/site-packages/bs4/__init__.py:181: UserWarning: No parser was explicitly specified, so I'm using the best available HTML parser for this system ("lxml"). This usually isn't a problem, but if you run this code on another system, or in a different virtual environment, it may use a different parser and behave differently.

The code that caused this warning is on line 153 of the file getFundValue.py. To get rid of this warning, change code that looks like this:

 BeautifulSoup(YOUR_MARKUP})

to this:

 BeautifulSoup(YOUR_MARKUP, "lxml")

  markup_type=markup_type))
get fund 0000081
get fund 0000422
get fund 0000513
get fund 0000594
get fund 0000825
get fund 0001766
get fund 0002487
get fund 0003098
get fund 0003119
get fund 00031210
get fund 00031311
get fund 00036812
get fund 00037313
get fund 00037614
get fund 00040915
get fund 00041116
get fund 00041817
get fund 00045718
get fund 00047119
get fund 00047820
get fund 00051321
get fund 00052422
get fund 00054923
get fund 00057724
get fund 00058625
get fund 00059226
get fund 00059427
get fund 00059628
get fund 00061329
get fund 00062830
get fund 00065631
get fund 00068832
get fund 00069633
get fund 00069734
get fund 00071135
get fund 00072936
get fund 00074637
get fund 00075138
get fund 00075639
get fund 00076140
get fund 00077841
get fund 00078042
get fund 00079343
get fund 00080344
get fund 00082645
get fund 00082746
get fund 00082847
get fund 00083148
get fund 00083549
get fund 00085450
get fund 00086651
get fund 00086752
get fund 00088453
get fund 00089354
get fund 00091355
get fund 00091656
get fund 00092557
get fund 00094258
get fund 00095059
get fund 00095560
get fund 00096061
get fund 00096162
get fund 00096263
get fund 00096864
get fund 00097165
get fund 00097466
get fund 00097567
get fund 00097868
get fund 00097969
get fund 00098570
get fund 00099171
get fund 00099672
get fund 00100873
get fund 00100974
get fund 00101575
get fund 00101676
get fund 00102777
get fund 00102878
get fund 00103679
get fund 00103980
get fund 00104081
get fund 00104282
get fund 00104383
get fund 00104484
get fund 00104785
get fund 00104886
get fund 00105087
get fund 00105188
get fund 00105289
get fund 00105490
get fund 00106491
get fund 00107092
get fund 00107293
get fund 00109794
get fund 00110495
get fund 00110596
get fund 00111397
get fund 00112698
get fund 00113399
get fund 001149100
get fund 001158101
get fund 001162102
get fund 001163103
get fund 001166104
get fund 001167105
get fund 001171106
get fund 001178107
get fund 001180108
get fund 001186109
get fund 001188110
get fund 001193111
get fund 001195112
get fund 001208113
get fund 001214114
get fund 001223115
get fund 001230116
get fund 001236117
get fund 001237118
get fund 001241119
get fund 001242120
get fund 001243121
get fund 001245122
get fund 001277123
get fund 001291124
get fund 001313125
get fund 001319126
get fund 001351127
get fund 001361128
get fund 001396129
get fund 001397130
get fund 001404131
get fund 001409132
get fund 001410133
get fund 001416134
get fund 001420135
get fund 001421136
get fund 001426137
get fund 001455138
get fund 001458139
get fund 001459140
get fund 001460141
get fund 001469142
get fund 001473143
get fund 001476144
get fund 001482145
get fund 001490146
get fund 001496147
get fund 001521148
get fund 001528149
get fund 001539150
get fund 001541151
get fund 001542152
get fund 001548153
get fund 001549154
get fund 001550155
get fund 001551156
get fund 001552157
get fund 001553158
get fund 001554159
get fund 001555160
get fund 001556161
get fund 001557162
get fund 001558163
get fund 001559164
get fund 001560165
get fund 001561166
get fund 001576167
get fund 001577168
get fund 001579169
get fund 001583170
get fund 001586171
get fund 001587172
get fund 001588173
get fund 001589174
get fund 001590175
get fund 001591176
get fund 001592177
get fund 001593178
get fund 001594179
get fund 001595180
get fund 001599181
get fund 001600182
get fund 001605183
get fund 001611184
get fund 001612185
get fund 001616186
get fund 001617187
get fund 001618188
get fund 001626189
get fund 001628190
get fund 001629191
get fund 001630192
get fund 001631193
get fund 001632194
get fund 001637195
get fund 001638196
get fund 001643197
get fund 001644198
get fund 001645199
get fund 001649200
get fund 001651201
get fund 001663202
get fund 001672203
get fund 001677204
get fund 001685205
get fund 001692206
get fund 001696207
get fund 001703208
get fund 001705209
get fund 001707210
get fund 001713211
get fund 001714212
get fund 001717213
get fund 001718214
get fund 001719215
get fund 001725216
get fund 001726217
get fund 001733218
get fund 001736219
get fund 001764220
get fund 001766221
get fund 001781222
get fund 001790223
get fund 001825224
get fund 001849225
get fund 001877226
get fund 001878227
get fund 001884228
get fund 001899229
get fund 001915230
get fund 001917231
get fund 001938232
get fund 001956233
get fund 001974234
get fund 001975235
get fund 002121236
get fund 002168237
get fund 002199238
get fund 002210239
get fund 002229240
get fund 002236241
get fund 002300242
get fund 002310243
get fund 002311244
get fund 002315245
get fund 002316246
get fund 002332247
get fund 002333248
get fund 002334249
get fund 002335250
get fund 002385251
get fund 002386252
get fund 002387253
get fund 002510254
get fund 002556255
get fund 002588256
get fund 002595257
get fund 002621258
get fund 002656259
get fund 002697260
get fund 002861261
get fund 002900262
get fund 002903263
get fund 002906264
get fund 002907265
get fund 002952266
get fund 002973267
get fund 002974268
get fund 002975269
get fund 002976270
get fund 002977271
get fund 002978272
get fund 002979273
get fund 002980274
get fund 002982275
get fund 002984276
get fund 002987277
get fund 003015278
get fund 003016279
get fund 003017280
get fund 003053281
get fund 003054282
get fund 003145283
get fund 003184284
get fund 003194285
get fund 003261286
get fund 003262287
get fund 003298288
get fund 003299289
get fund 003311290
get fund 003312291
get fund 003318292
get fund 003359293
get fund 003366294
get fund 003416295
get fund 003475296
get fund 003492297
get fund 003524298
get fund 003548299
get fund 003578300
get fund 003579301
get fund 003622302
get fund 003623303
get fund 003624304
get fund 003625305
get fund 003634306
get fund 003646307
get fund 003647308
get fund 003702309
get fund 003745310
get fund 003765311
get fund 003766312
get fund 003834313
get fund 003865314
get fund 003876315
get fund 003956316
get fund 003984317
get fund 003985318
get fund 003986319
get fund 004069320
get fund 004070321
get fund 004075322
get fund 004098323
get fund 004190324
get fund 004191325
get fund 004192326
get fund 004193327
get fund 004194328
get fund 004195329
get fund 004241330
get fund 004272331
get fund 004273332
get fund 004292333
get fund 004342334
get fund 004343335
get fund 004344336
get fund 004345337
get fund 004346338
get fund 004347339
get fund 004348340
get fund 004352341
get fund 004354342
get fund 004403343
get fund 004404344
get fund 004407345
get fund 004408346
get fund 004409347
get fund 004410348
get fund 004416349
get fund 004432350
get fund 004433351
get fund 004450352
get fund 004476353
get fund 004482354
get fund 004483355
get fund 004484356
get fund 004485357
get fund 004488358
get fund 004532359
get fund 004533360
get fund 004593361
get fund 004597362
get fund 004598363
get fund 004606364
get fund 004616365
get fund 004640366
get fund 004642367
get fund 004643368
get fund 004683369
get fund 004686370
get fund 004698371
get fund 004716372
get fund 004730373
get fund 004742374
get fund 004743375
get fund 004744376
get fund 004746377
get fund 004784378
get fund 004851379
get fund 004854380
get fund 004855381
get fund 004856382
get fund 004857383
get fund 004858384
get fund 004870385
get fund 004874386
get fund 004875387
get fund 004876388
get fund 004945389
get fund 004996390
get fund 004997391
get fund 005009392
get fund 005033393
get fund 005034394
get fund 005037395
get fund 005038396
get fund 005062397
get fund 005063398
get fund 005064399
get fund 005106400
get fund 005112401
get fund 005125402
get fund 005183403
get fund 020011404
get fund 020021405
get fund 040002406
get fund 040180407
get fund 040190408
get fund 050002409
get fund 050013410
get fund 050021411
get fund 050024412
get fund 070023413
get fund 070030414
get fund 090010415
get fund 090012416
get fund 100032417
get fund 100038418
get fund 100053419
get fund 110003420
get fund 110019421
get fund 110020422
get fund 110021423
get fund 110022424
get fund 110026425
get fund 110030426
get fund 160119427
get fund 160127428
get fund 160133429
get fund 160135430
get fund 160136431
get fund 160137432
get fund 160218433
get fund 160219434
get fund 160221435
get fund 160222436
get fund 160223437
get fund 160224438
get fund 160225439
get fund 160322440
get fund 160415441
get fund 160417442
get fund 160418443
get fund 160419444
get fund 160420445
get fund 160422446
get fund 160516447
get fund 160517448
get fund 160615449
get fund 160616450
get fund 160620451
get fund 160625452
get fund 160626453
get fund 160628454
get fund 160629455
get fund 160630456
get fund 160631457
get fund 160632458
get fund 160633459
get fund 160634460
get fund 160635461
get fund 160636462
get fund 160637463
get fund 160638464
get fund 160639465
get fund 160640466
get fund 160643467
get fund 160706468
get fund 160716469
get fund 160806470
get fund 160807471
get fund 160808472
get fund 160809473
get fund 160814474
get fund 160919475
get fund 161017476
get fund 161022477
get fund 161024478
get fund 161025479
get fund 161026480
get fund 161027481
get fund 161028482
get fund 161029483
get fund 161030484
get fund 161031485
get fund 161032486
get fund 161033487
get fund 161035488
get fund 161036489
get fund 161037490
get fund 161118491
get fund 161121492
get fund 161122493
get fund 161123494
get fund 161207495
get fund 161211496
get fund 161213497
get fund 161217498
get fund 161223499
get fund 161227500
get fund 161507501
get fund 161604502
get fund 161607503
get fund 161612504
get fund 161613505
get fund 161628506
get fund 161629507
get fund 161630508
get fund 161631509
get fund 161715510
get fund 161718511
get fund 161720512
get fund 161721513
get fund 161723514
get fund 161724515
get fund 161725516
get fund 161726517
get fund 161811518
get fund 161812519
get fund 161816520
get fund 161819521
get fund 161825522
get fund 161907523
get fund 161910524
get fund 162010525
get fund 162107526
get fund 162208527
get fund 162213528
get fund 162216529
get fund 162307530
get fund 162412531
get fund 162413532
get fund 162509533
get fund 162510534
get fund 162711535
get fund 162714536
get fund 162907537
get fund 163109538
get fund 163110539
get fund 163111540
get fund 163113541
get fund 163114542
get fund 163115543
get fund 163116544
get fund 163117545
get fund 163118546
get fund 163119547
get fund 163209548
get fund 163407549
get fund 163808550
get fund 163821551
get fund 164205552
get fund 164304553
get fund 164401554
get fund 164402555
get fund 164508556
get fund 164809557
get fund 164811558
get fund 164818559
get fund 164819560
get fund 164820561
get fund 164821562
get fund 164823563
get fund 164905564
get fund 164907565
get fund 164908566
get fund 165309567
get fund 165310568
get fund 165312569
get fund 165315570
get fund 165511571
get fund 165515572
get fund 165519573
get fund 165520574
get fund 165521575
get fund 165522576
get fund 165523577
get fund 165524578
get fund 165525579
get fund 165707580
get fund 165806581
get fund 166007582
get fund 166402583
get fund 166802584
get fund 167301585
get fund 167503586
get fund 167601587
get fund 167702588
get fund 167703589
get fund 168001590
get fund 168201591
get fund 168203592
get fund 168204593
get fund 168205594
get fund 180003595
get fund 180033596
get fund 200002597
get fund 202015598
get fund 202017599
get fund 202021600
get fund 202025601
get fund 206005602
get fund 206010603
get fund 206012604
get fund 213010605
get fund 217016606
get fund 217017607
get fund 217019608
get fund 217027609
get fund 233010610
get fund 240005611
get fund 240014612
get fund 240016613
get fund 240019614
get fund 257060615
get fund 263001616
get fund 270010617
get fund 270026618
get fund 290010619
get fund 310318620
get fund 310398621
get fund 320010622
get fund 320014623
get fund 320022624
get fund 340006625
get fund 360001626
get fund 370023627
get fund 376510628
get fund 399001629
get fund 399011630
get fund 410008631
get fund 410010632
get fund 450008633
get fund 450009634
get fund 460220635
get fund 460300636
get fund 470007637
get fund 470068638
get fund 481009639
get fund 481012640
get fund 501002641
get fund 501005642
get fund 501006643
get fund 501007644
get fund 501008645
get fund 501009646
get fund 501010647
get fund 501011648
get fund 501012649
get fund 501016650
get fund 501019651
get fund 501020652
get fund/Library/Python/2.7/site-packages/bs4/__init__.py:181: UserWarning: No parser was explicitly specified, so I'm using the best available HTML parser for this system ("lxml"). This usually isn't a problem, but if you run this code on another system, or in a different virtual environment, it may use a different parser and behave differently.

The code that caused this warning is on line 154 of the file getFundValue.py. To get rid of this warning, change code that looks like this:

 BeautifulSoup(YOUR_MARKUP})

to this:

 BeautifulSoup(YOUR_MARKUP, "lxml")

  markup_type=markup_type))
 501023653
get fund 501025654
get fund 501029655
get fund 501030656
get fund 501031657
get fund 501036658
get fund 501037659
get fund 501043660
get fund 501045661
get fund 501050662
get fund 501301663
get fund 501303664
get fund 502000665
get fund 502003666
get fund 502006667
get fund 502010668
get fund 502013669
get fund 502016670
get fund 502020671
get fund 502023672
get fund 502026673
get fund 502030674
get fund 502036675
get fund 502040676
get fund 502048677
get fund 502053678
get fund 502056679
get fund 519027680
get fund 519032681
get fund 519034682
get fund 519100683
get fund 519116684
get fund 519117685
get fund 519180686
get fund 519193687
get fund 519300688
get fund 519606689
get fund 519671690
get fund 519673691
get fund 519677692
get fund 519686693
get fund 519706694
get fund 519714695
get fund 519931696
get fund 519935697
get fund 519965698
get fund 519975699
get fund 530010700
get fund 530015701
get fund 530018702
get fund 540006703
get fund 540007704
get fund 540008705
get fund 540009706
get fund 540010707
get fund 540012708
get fund 585001709
get fund 590007710
get fund 660008711
get fund 660011712
get fund 673090713
get fund 690008714
get fund 700002715
get fund 740101716
get fund 0000011
get fund 0000112
get fund 0000173
get fund 0000204
get fund 0000215
get fund 0000296
get fund 0000317
get fund 0000398
get fund 0000569
get fund 00005710
get fund 00006111
get fund 00006212
get fund 00006313
get fund 00006514
get fund 00007315
get fund 00008316
get fund 00011017
get fund 00011718
get fund 00012019
get fund 00012120
get fund 00012421
get fund 00012522
get fund 00012723
get fund 00013624
get fund 00016525
get fund 00016626
get fund 00016727
get fund 00017228
get fund 00017329
get fund 00017830
get fund 00019031
get fund 00019932
get fund 00020933
get fund 00021434
get fund 00021535
get fund 00021636
get fund 00021737
get fund 00021838
get fund 00021939
get fund 00022040
get fund 00024141
get fund 00024242
get fund 00025143
get fund 00025644
get fund 00025945
get fund 00026346
get fund 00026447
get fund 00027348
get fund 00027849
get fund 00027950
get fund 00029451
get fund 00030752
get fund 00030853
get fund 00031454
get fund 00032855
get fund 00033656
get fund 00033957
get fund 00035458
get fund 00036259
get fund 00036360
get fund 00036761
get fund 00039062
get fund 00039863
get fund 00040464
get fund 00040865
get fund 00041066
get fund 00041467
get fund 00041768
get fund 00042369
get fund 00043170
get fund 00043271
get fund 00043372
get fund 00043673
get fund 00045274
get fund 00045875
get fund 00046276
get fund 00047777
get fund 00048078
get fund 00049679
get fund 00050780
get fund 00050881
get fund 00051182
get fund 00051283
get fund 00052084
get fund 00052285
get fund 00052386
get fund 00052687
get fund 00052788
get fund 00052989
get fund 00053090
get fund 00053191
get fund 00053292
get fund 00053493
get fund 00053594
get fund 00053895
get fund 00054196
get fund 00054597
get fund 00054798
get fund 00055099
get fund 000551100
get fund 000554101
get fund 000556102
get fund 000557103
get fund 000566104
get fund 000567105
get fund 000571106
get fund 000572107
get fund 000573108
get fund 000574109
get fund 000584110
get fund 000585111
get fund 000587112
get fund 000589113
get fund 000590114
get fund 000591115
get fund 000595116
get fund 000597117
get fund 000598118
get fund 000601119
get fund 000603120
get fund 000609121
get fund 000612122
get fund 000619123
get fund 000634124
get fund 000639125
get fund 000646126
get fund 000652127
get fund 000654128
get fund 000663129
get fund 000664130
get fund 000667131
get fund 000672132
get fund 000679133
get fund 000684134
get fund 000689135
get fund 000690136
get fund 000695137
get fund 000698138
get fund 000706139
get fund 000708140
get fund 000717141
get fund 000727142
get fund 000739143
get fund 000742144
get fund 000743145
get fund 000747146
get fund 000753147
get fund 000754148
get fund 000755149
get fund 000757150
get fund 000762151
get fund 000763152
get fund 000767153
get fund 000772154
get fund 000788155
get fund 000794156
get fund 000796157
get fund 000800158
get fund 000805159
get fund 000822160
get fund 000823161
get fund 000824162
get fund 000825163
get fund 000841164
get fund 000843165
get fund 000844166
get fund 000845167
get fund 000849168
get fund 000850169
get fund 000865170
get fund 000870171
get fund 000877172
get fund 000878173
get fund 000879174
get fund 000880175
get fund 000886176
get fund 000887177
get fund 000892178
get fund 000894179
get fund 000904180
get fund 000924181
get fund 000926182
get fund 000928183
get fund 000929184
get fund 000930185
get fund 000932186
get fund 000933187
get fund 000935188
get fund 000936189
get fund 000939190
get fund 000940191
get fund 000945192
get fund 000946193
get fund 000953194
get fund 000954195
get fund 000963196
get fund 000965197
get fund 000966198
get fund 000967199
get fund 000969200
get fund 000970201
get fund 000972202
get fund 000976203
get fund 000977204
get fund 000986205
get fund 000992206
get fund 000993207
get fund 000994208
get fund 000995209
get fund 001000210
get fund 001004211
get fund 001005212
get fund 001007213
get fund 001014214
get fund 001017215
get fund 001018216
get fund 001029217
get fund 001030218
get fund 001037219
get fund 001053220
get fund 001056221
get fund 001059222
get fund 001060223
get fund 001067224
get fund 001068225
get fund 001069226
get fund 001071227
get fund 001073228
get fund 001074229
get fund 001075230
get fund 001076231
get fund 001088232
get fund 001102233
get fund 001103234
get fund 001106235
get fund 001110236
get fund 001111237
get fund 001112238
get fund 001115239
get fund 001116240
get fund 001117241
get fund 001118242
get fund 001119243
get fund 001120244
get fund 001121245
get fund 001122246
get fund 001123247
get fund 001125248
get fund 001127249
get fund 001128250
get fund 001135251
get fund 001136252
get fund 001139253
get fund 001140254
get fund 001141255
get fund 001142256
get fund 001143257
get fund 001144258
get fund 001146259
get fund 001147260
get fund 001148261
get fund 001150262
get fund 001152263
get fund 001154264
get fund 001156265
get fund 001157266
get fund 001159267
get fund 001164268
get fund 001165269
get fund 001168270
get fund 001169271
get fund 001170272
get fund 001172273
get fund 001173274
get fund 001174275
get fund 001179276
get fund 001181277
get fund 001182278
get fund 001183279
get fund 001184280
get fund 001185281
get fund 001189282
get fund 001190283
get fund 001191284
get fund 001192285
get fund 001194286
get fund 001196287
get fund 001197288
get fund 001198289
get fund 001201290
get fund 001202291
get fund 001203292
get fund 001204293
get fund 001205294
get fund 001206295
get fund 001207296
get fund 001209297
get fund 001210298
get fund 001215299
get fund 001216300
get fund 001217301
get fund 001218302
get fund 001219303
get fund 001220304
get fund 001221305
get fund 001222306
get fund 001224307
get fund 001225308
get fund 001226309
get fund 001227310
get fund 001228311
get fund 001229312
get fund 001231313
get fund 001239314
get fund 001244315
get fund 001247316
get fund 001249317
get fund 001250318
get fund 001252319
get fund 001253320
get fund 001254321
get fund 001255322
get fund 001256323
get fund 001259324
get fund 001260325
get fund 001261326
get fund 001262327
get fund 001263328
get fund 001264329
get fund 001265330
get fund 001266331
get fund 001267332
get fund 001268333
get fund 001270334
get fund 001271335
get fund 001272336
get fund 001273337
get fund 001274338
get fund 001275339
get fund 001276340
get fund 001278341
get fund 001279342
get fund 001280343
get fund 001281344
get fund 001283345
get fund 001284346
get fund 001285347
get fund 001286348
get fund 001287349
get fund 001289350
get fund 001290351
get fund 001294352
get fund 001295353
get fund 001296354
get fund 001297355
get fund 001298356
get fund 001300357
get fund 001301358
get fund 001302359
get fund 001303360
get fund 001304361
get fund 001305362
get fund 001306363
get fund 001307364
get fund 001309365
get fund 001310366
get fund 001311367
get fund 001312368
get fund 001314369
get fund 001315370
get fund 001316371
get fund 001318372
get fund 001320373
get fund 001321374
get fund 001322375
get fund 001323376
get fund 001324377
get fund 001325378
get fund 001326379
get fund 001327380
get fund 001328381
get fund 001329382
get fund 001330383
get fund 001331384
get fund 001332385
get fund 001333386
get fund 001334387
get fund 001335388
get fund 001336389
get fund 001337390
get fund 001338391
get fund 001339392
get fund 001340393
get fund 001341394
get fund 001342395
get fund 001343396
get fund 001345397
get fund 001347398
get fund 001348399
get fund 001349400
get fund 001352401
get fund 001355402
get fund 001356403
get fund 001357404
get fund 001358405
get fund 001359406
get fund 001362407
get fund 001364408
get fund 001365409
get fund 001366410
get fund 001370411
get fund 001371412
get fund 001373413
get fund 001375414
get fund 001376415
get fund 001377416
get fund 001378417
get fund 001379418
get fund 001380419
get fund 001381420
get fund 001382421
get fund 001384422
get fund 001385423
get fund 001387424
get fund 001388425
get fund 001389426
get fund 001390427
get fund 001392428
get fund 001393429
get fund 001394430
get fund 001395431
get fund 001398432
get fund 001399433
get fund 001400434
get fund 001402435
get fund 001403436
get fund 001405437
get fund 001406438
get fund 001407439
get fund 001408440
get fund 001411441
get fund 001412442
get fund 001413443
get fund 001414444
get fund 001415445
get fund 001417446
get fund 001418447
get fund 001419448
get fund 001422449
get fund 001423450
get fund 001424451
get fund 001425452
get fund 001427453
get fund 001429454
get fund 001430455
get fund 001431456
get fund 001433457
get fund 001437458
get fund 001438459
get fund 001443460
get fund 001444461
get fund 001445462
get fund 001446463
get fund 001447464
get fund 001448465
get fund 001449466
get fund 001453467
get fund 001454468
get fund 001456469
get fund 001457470
get fund 001463471
get fund 001464472
get fund 001466473
get fund 001467474
get fund 001468475
get fund 001470476
get fund 001471477
get fund 001474478
get fund 001475479
get fund 001479480
get fund 001480481
get fund 001483482
get fund 001484483
get fund 001485484
get fund 001487485
get fund 001488486
get fund 001489487
get fund 001491488
get fund 001492489
get fund 001493490
get fund 001494491
get fund 001495492
get fund 001498493
get fund 001499494
get fund 001500495
get fund 001501496
get fund 001502497
get fund 001503498
get fund 001504499
get fund 001505500
get fund 001506501
get fund 001507502
get fund 001508503
get fund 001510504
get fund 001511505
get fund 001513506
get fund 001515507
get fund 001517508
get fund 001518509
get fund 001522510
get fund 001523511
get fund 001524512
get fund 001530513
get fund 001532514
get fund 001533515
get fund 001534516
get fund 001535517
get fund 001536518
get fund 001537519
get fund 001538520
get fund 001540521
get fund 001543522
get fund 001547523
get fund 001563524
get fund 001564525
get fund 001565526
get fund 001566527
get fund 001567528
get fund 001568529
get fund 001569530
get fund 001570531
get fund 001571532
get fund 001572533
get fund 001574534
get fund 001580535
get fund 001581536
get fund 001582537
get fund 001584538
get fund 001585539
get fund 001596540
get fund 001597541
get fund 001598542
get fund 001601543
get fund 001602544
get fund 001603545
get fund 001604546
get fund 001606547
get fund 001607548
get fund 001608549
get fund 001609550
get fund 001610551
get fund 001614552
get fund 001615553
get fund 001620554
get fund 001622555
get fund 001623556
get fund 001633557
get fund 001634558
get fund 001635559
get fund 001636560
get fund 001639561
get fund 001640562
get fund 001641563
get fund 001647564
get fund 001648565
get fund 001650566
get fund 001654567
get fund 001656568
get fund 001657569
get fund 001659570
get fund 001662571
get fund 001664572
get fund 001665573
get fund 001667574
get fund 001670575
get fund 001671576
get fund 001673577
get fund 001674578
get fund 001675579
get fund 001676580
get fund 001679581
get fund 001680582
get fund 001681583
get fund 001682584
get fund 001683585
get fund 001686586
get fund 001687587
get fund 001688588
get fund 001694589
get fund 001695590
get fund 001700591
get fund 001701592
get fund 001702593
get fund 001704594
get fund 001706595
get fund 001708596
get fund 001709597
get fund 001710598
get fund 001711599
get fund 001712600
get fund 001715601
get fund 001716602
get fund 001720603
get fund 001721604
get fund 001722605
get fund 001723606
get fund 001724607
get fund 001727608
get fund 001728609
get fund 001729610
get fund 001730611
get fund 001731612
get fund 001732613
get fund 001734614
get fund 001735615
get fund 001740616
get fund 001741617
get fund 001742618
get fund 001743619
get fund 001744620
get fund 001745621
get fund 001746622
get fund 001753623
get fund 001754624
get fund 001755625
get fund 001756626
get fund 001757627
get fund 001758628
get fund 001759629
get fund 001760630
get fund 001761631
get fund 001762632
get fund 001763633
get fund 001765634
get fund 001769635
get fund 001770636
get fund 001771637
get fund 001772638
get fund 001773639
get fund 001774640
get fund 001775641
get fund 001777642
get fund 001778643
get fund 001780644
get fund 001782645
get fund 001786646
get fund 001789647
get fund 001791648
get fund 001792649
get fund 001795650
get fund 001796651
get fund 001797652
get fund 001798653
get fund 001799654
get fund 001801655
get fund 001802656
get fund 001803657
get fund 001806658
get fund 001807659
get fund 001808660
get fund 001809661
get fund 001810662
get fund 001811663
get fund 001813664
get fund 001815665
get fund 001816666
get fund 001817667
get fund 001818668
get fund 001822669
get fund 001823670
get fund 001824671
get fund 001827672
get fund 001829673
get fund 001830674
get fund 001834675
get fund 001837676
get fund 001838677
get fund 001839678
get fund 001840679
get fund 001841680
get fund 001844681
get fund 001845682
get fund 001846683
get fund 001850684
get fund 001851685
get fund 001852686
get fund 001856687
get fund 001861688
get fund 001864689
get fund 001865690
get fund 001866691
get fund 001869692
get fund 001874693
get fund 001875694
get fund 001879695
get fund 001880696
get fund 001881697
get fund 001882698
get fund 001883699
get fund 001885700
get fund 001886701
get fund 001887702
get fund 001888703
get fund 001890704
get fund 001891705
get fund 001892706
get fund 001896707
get fund 001897708
get fund 001898709
get fund 001901710
get fund 001902711
get fund 001903712
get fund 001904713
get fund 001910714
get fund 001923715
get fund 001924716
get fund 001927717
get fund 001928718
get fund 001933719
get fund 001939720
get fund 001940721
get fund 001942722
get fund 001943723
get fund 001947724
get fund 001951725
get fund 001954726
get fund 001955727
get fund 001959728
get fund 001965729
get fund 001966730
get fund 001967731
get fund 001970732
get fund 001972733
get fund 001978734
get fund 001979735
get fund 001983736
get fund 001984737
get fund 001985738
get fund 001986739
get fund 001990740
get fund 001997741
get fund 001998742
get fund 002000743
get fund 002001744
get fund 002003745
get fund 002004746
get fund 002005747
get fund 002006748
get fund 002007749
get fund 002009750
get fund 002010751
get fund 002011752
get fund 002013753
get fund 002014754
get fund 002015755
get fund 002016756
get fund 002017757
get fund 002018758
get fund 002019759
get fund 002020760
get fund 002021761
get fund 002023762
get fund 002024763
get fund 002025764
get fund 002026765
get fund 002027766
get fund 002028767
get fund 002029768
get fund 002030769
get fund 002031770
get fund 002033771
get fund 002034772
get fund 002035773
get fund 002036774
get fund 002037775
get fund 002038776
get fund 002039777
get fund 002040778
get fund 002041779
get fund 002042780
get fund 002043781
get fund 002045782
get fund 002046783
get fund 002047784
get fund 002049785
get fund 002051786
get fund 002052787
get fund 002053788
get fund 002054789
get fund 002055790
get fund 002056791
get fund 002057792
get fund 002058793
get fund 002059794
get fund 002060795
get fund 002061796
get fund 002062797
get fund 002063798
get fund 002064799
get fund 002067800
get fund 002068801
get fund 002069802
get fund 002070803
get fund 002071804
get fund 002072805
get fund 002075806
get fund 002076807
get fund 002079808
get fund 002080809
get fund 002081810
get fund 002082811
get fund 002083812
get fund 002084813
get fund 002085814
get fund 002087815
get fund 002088816
get fund 002089817
get fund 002090818
get fund 002091819
get fund 002092820
get fund 002093821
get fund 002094822
get fund 002095823
get fund 002096824
get fund 002097825
get fund 002098826
get fund 002099827
get fund 002100828
get fund 002101829
get fund 002102830
get fund 002103831
get fund 002104832
get fund 002105833
get fund 002106834
get fund 002110835
get fund 002111836
get fund 002112837
get fund 002114838
get fund 002115839
get fund 002116840
get fund 002117841
get fund 002118842
get fund 002119843
get fund 002120844
get fund 002123845
get fund 002124846
get fund 002125847
get fund 002128848
get fund 002129849
get fund 002130850
get fund 002131851
get fund 002132852
get fund 002133853
get fund 002134854
get fund 002135855
get fund 002136856
get fund 002141857
get fund 002142858
get fund 002144859
get fund 002146860
get fund 002147861
get fund 002148862
get fund 002149863
get fund 002152864
get fund 002153865
get fund 002154866
get fund 002155867
get fund 002156868
get fund 002157869
get fund 002158870
get fund 002159871
get fund 002160872
get fund 002161873
get fund 002162874
get fund 002163875
get fund 002164876
get fund 002165877
get fund 002166878
get fund 002170879
get fund 002172880
get fund 002173881
get fund 002174882
get fund 002177883
get fund 002178884
get fund 002179885
get fund 002180886
get fund 002181887
get fund 002182888
get fund 002186889
get fund 002187890
get fund 002189891
get fund 002190892
get fund 002191893
get fund 002192894
get fund 002193895
get fund 002194896
get fund 002196897
get fund 002203898
get fund 002207899
get fund 002211900
get fund 002212901
get fund 002214902
get fund 002221903
get fund 002222904
get fund 002223905
get fund 002224906
get fund 002225907
get fund 002226908
get fund 002227909
get fund 002228910
get fund 002231911
get fund 002232912
get fund 002233913
get fund 002237914
get fund 002244915
get fund 002250916
get fund 002251917
get fund 002252918
get fund 002256919
get fund 002258920
get fund 002259921
get fund 002261922
get fund 002262923
get fund 002263924
get fund 002264925
get fund 002269926
get fund 002270927
get fund 002272928
get fund 002273929
get fund 002290930
get fund 002294931
get fund 002297932
get fund 002301933
get fund 002303934
get fund 002305935
get fund 002307936
get fund 002309937
get fund 002312938
get fund 002313939
get fund 002314940
get fund 002317941
get fund 002319942
get fund 002322943
get fund 002323944
get fund 002326945
get fund 002327946
get fund 002328947
get fund 002330948
get fund 002331949
get fund 002339950
get fund 002340951
get fund 002345952
get fund 002360953
get fund 002365954
get fund 002366955
get fund 002368956
get fund 002369957
get fund 002370958
get fund 002371959
get fund 002372960
get fund 002373961
get fund 002374962
get fund 002375963
get fund 002376964
get fund 002383965
get fund 002384966
get fund 002388967
get fund 002408968
get fund 002409969
get fund 002410970
get fund 002411971
get fund 002413972
get fund 002414973
get fund 002416974
get fund 002417975
get fund 002418976
get fund 002424977
get fund 002425978
get fund 002430979
get fund 002431980
get fund 002433981
get fund 002434982
get fund 002435983
get fund 002436984
get fund 002437985
get fund 002443986
get fund 002449987
get fund 002450988
get fund 002451989
get fund 002455990
get fund 002461991
get fund 002462992
get fund 002465993
get fund 002472994
get fund 002482995
get fund 002485996
get fund 002494997
get fund 002495998
get fund 002496999
get fund 0024971000
get fund 0024981001
get fund 0025021002
get fund 0025031003
get fund 0025131004
get fund 0025141005
get fund 0025151006
get fund 0025161007
get fund 0025171008
get fund 0025181009
get fund 0025271010
get fund 0025331011
get fund 0025351012
get fund 0025361013
get fund 0025381014
get fund 0025391015
get fund 0025401016
get fund 0025411017
get fund 0025451018
get fund 0025471019
get fund 0025531020
get fund 0025551021
get fund 0025571022
get fund 0025581023
get fund 0025591024
get fund 0025611025
get fund 0025621026
get fund 0025631027
get fund 0025641028
get fund 0025671029
get fund 0025741030
get fund 0025751031
get fund 0025761032
get fund 0025771033
get fund 0025801034
get fund 0025811035
get fund 0025821036
get fund 0025831037
get fund 0025931038
get fund 0025941039
get fund 0025971040
get fund 0025981041
get fund 0025991042
get fund 0026021043
get fund 0026041044
get fund 0026051045
get fund 0026101046
get fund 0026111047
get fund 0026121048
get fund 0026141049
get fund 0026151050
get fund 0026161051
get fund 0026171052
get fund 0026181053
get fund 0026191054
get fund 0026201055
get fund 0026231056
get fund 0026241057
get fund 0026261058
get fund 0026271059
get fund 0026301060
get fund 0026311061
get fund 0026341062
get fund 0026391063
get fund 0026431064
get fund 0026531065
get fund 0026541066
get fund 0026551067
get fund 0026591068
get fund 0026601069
get fund 0026621070
get fund 0026631071
get fund 0026641072
get fund 0026651073
get fund 0026661074
get fund 0026671075
get fund 0026681076
get fund 0026691077
get fund 0026701078
get fund 0026711079
get fund 0026831080
get fund 0026851081
get fund 0026861082
get fund 0026921083
get fund 0026941084
get fund 0026951085
get fund 0026961086
get fund 0026991087
get fund 0027001088
get fund 0027081089
get fund 0027151090
get fund 0027261091
get fund 0027271092
get fund 0027281093
get fund 0027301094
get fund 0027311095
get fund 0027321096
get fund 0027461097
get fund 0027671098
get fund 0027691099
get fund 0027701100
get fund 0027711101
get fund 0027721102
get fund 0027731103
get fund 0027741104
get fund 0027781105
get fund 0027791106
get fund 0027801107
get fund 0027831108
get fund 0027841109
get fund 0027911110
get fund 0027921111
get fund 0027931112
get fund 0028011113
get fund 0028031114
get fund 0028041115
get fund 0028081116
get fund 0028091117
get fund 0028101118
get fund 0028191119
get fund 0028201120
get fund 0028211121
get fund 0028221122
get fund 0028231123
get fund 0028241124
get fund 0028311125
get fund 0028331126
get fund 0028341127
get fund 0028351128
get fund 0028361129
get fund 0028371130
get fund 0028381131
get fund 0028391132
get fund 0028441133
get fund 0028451134
get fund 0028461135
get fund 0028491136
get fund 0028501137
get fund 0028511138
get fund 0028531139
get fund 0028541140
get fund 0028601141
get fund 0028621142
get fund 0028631143
get fund 0028711144
get fund 0028721145
get fund 0029081146
get fund 0029101147
get fund 0029111148
get fund 0029131149
get fund 0029141150
get fund 0029191151
get fund 0029231152
get fund 0029311153
get fund 0029341154
get fund 0029351155
get fund 0029381156
get fund 0029391157
get fund 0029411158
get fund 0029421159
get fund 0029431160
get fund 0029441161
get fund 0029551162
get fund 0029631163
get fund 0029671164
get fund 0029681165
get fund 0029831166
get fund 0029891167
get fund 0030001168
get fund 0030011169
get fund 0030041170
get fund 0030251171
get fund 0030261172
get fund 0030271173
get fund 0030281174
get fund 0030291175
get fund 0030301176
get fund 0030311177
get fund 0030331178
get fund 0030351179
get fund 0030361180
get fund 0030441181
get fund 0030451182
get fund 0030571183
get fund 0030581184
get fund 0030591185
get fund 0030621186
get fund 0030631187
get fund 0030641188
get fund 0030951189
get fund 0030961190
get fund 0031041191
get fund 0031051192
get fund 0031061193
get fund 0031151194
get fund 0031161195
get fund 0031171196
get fund 0031181197
get fund 0031191198
get fund 0031201199
get fund 0031221200
get fund 0031251201
get fund 0031311202
get fund 0031321203
get fund 0031401204
get fund 0031411205
get fund 0031421206
get fund 0031431207
get fund 0031441208
get fund 0031471209
get fund 0031481210
get fund 0031491211
get fund 0031501212
get fund 0031511213
get fund 0031521214
get fund 0031531215
get fund 0031541216
get fund 0031581217
get fund 0031611218
get fund 0031651219
get fund 0031661220
get fund 0031691221
get fund 0031701222
get fund 0031751223
get fund 0031821224
get fund 0031831225
get fund 0031861226
get fund 0031871227
get fund 0031901228
get fund 0031911229
get fund 0032081230
get fund 0032151231
get fund 0032161232
get fund 0032241233
get fund 0032251234
get fund 0032301235
get fund 0032311236
get fund 0032321237
get fund 0032331238
get fund 0032341239
get fund 0032351240
get fund 0032381241
get fund 0032411242
get fund 0032421243
get fund 0032471244
get fund 0032481245
get fund 0032501246
get fund 0032511247
get fund 0032561248
get fund 0032571249
get fund 0032711250
get fund 0032721251
get fund 0032751252
get fund 0032761253
get fund 0032791254
get fund 0032821255
get fund 0032831256
get fund 0032841257
get fund 0032911258
get fund 0032921259
get fund 0032931260
get fund 0032951261
get fund 0033001262
get fund 0033041263
get fund 0033051264
get fund 0033081265
get fund 0033191266
get fund 0033201267
get fund 0033261268
get fund 0033311269
get fund 0033321270
get fund 0033331271
get fund 0033391272
get fund 0033401273
get fund 0033431274
get fund 0033441275
get fund 0033451276
get fund 0033461277
get fund 0033501278
get fund 0033511279
get fund 0033521280
get fund 0033531281
get fund 0033541282
get fund 0033551283
get fund 0033561284
get fund 0033621285
get fund 0033671286
get fund 0033681287
get fund 0033731288
get fund 0033741289
get fund 0033781290
get fund 0033791291
get fund 0033801292
get fund 0033961293
get fund 0033971294
get fund 0034031295
get fund 0034041296
get fund 0034051297
get fund 0034111298
get fund 0034121299
get fund 0034131300
get fund 0034141301
get fund 0034151302
get fund 0034321303
get fund 0034331304
get fund 0034341305
get fund 0034351306
get fund 0034361307
get fund 0034371308
get fund 0034461309
get fund 0034471310
get fund 0034561311
get fund 0034621312
get fund 0034761313
get fund 0034771314
get fund 0034841315
get fund 0034851316
get fund 0034901317
get fund 0034911318
get fund 0034931319
get fund 0034941320
get fund 0034951321
get fund 0034961322
get fund 0035011323
get fund 0035021324
get fund 0035031325
get fund 0035081326
get fund 0035091327
get fund 0035121328
get fund 0035131329
get fund 0035161330
get fund 0035411331
get fund 0035501332
get fund 0035541333
get fund 0035551334
get fund 0035561335
get fund 0035591336
get fund 0035601337
get fund 0035611338
get fund 0035621339
get fund 0035671340
get fund 0035801341
get fund 0035811342
get fund 0035821343
get fund 0035861344
get fund 0035871345
get fund 0035911346
get fund 0035921347
get fund 0035931348
get fund 0035941349
get fund 0035951350
get fund 0035961351
get fund 0035971352
get fund 0035981353
get fund 0036011354
get fund 0036021355
get fund 0036031356
get fund 0036041357
get fund 0036101358
get fund 0036111359
get fund 0036201360
get fund 0036261361
get fund 0036321362
get fund 0036331363
get fund 0036411364
get fund 0036421365
get fund 0036551366
get fund 0036581367
get fund 0036591368
get fund 0036631369
get fund 0036661370
get fund 0036671371
get fund 0036701372
get fund 0036841373
get fund 0036851374
get fund 0036861375
get fund 0036871376
get fund 0036891377
get fund 0036901378
get fund 0036921379
get fund 0036931380
get fund 0036941381
get fund 0036951382
get fund 0036971383
get fund 0036981384
get fund 0036991385
get fund 0037041386
get fund 0037131387
get fund 0037141388
get fund 0037151389
get fund 0037171390
get fund 0037341391
get fund 0037351392
get fund 0037361393
get fund 0037381394
get fund 0037391395
get fund 0037491396
get fund 0037501397
get fund 0037511398
get fund 0037541399
get fund 0037551400
get fund 0037561401
get fund 0037571402
get fund 0037581403
get fund 0037591404
get fund 0037601405
get fund 0037611406
get fund 0037621407
get fund 0037631408
get fund 0037691409
get fund 0037721410
get fund 0037731411
get fund 0037781412
get fund 0037791413
get fund 0037801414
get fund 0037811415
get fund 0037821416
get fund 0037831417
get fund 0037841418
get fund 0037971419
get fund 0037981420
get fund 0037991421
get fund 0038001422
get fund 0038011423
get fund 0038021424
get fund 0038031425
get fund 0038041426
get fund 0038051427
get fund 0038061428
get fund 0038071429
get fund 0038081430
get fund 0038131431
get fund 0038201432
get fund 0038211433
get fund 0038281434
get fund 0038301435
get fund 0038311436
get fund 0038351437
get fund 0038391438
get fund 0038401439
get fund 0038421440
get fund 0038431441
get fund 0038451442
get fund 0038461443
get fund 0038481444
get fund 0038491445
get fund 0038501446
get fund 0038511447
get fund 0038541448
get fund 0038551449
get fund 0038561450
get fund 0038571451
get fund 0038581452
get fund 0038611453
get fund 0038621454
get fund 0038771455
get fund 0038781456
get fund 0038821457
get fund 0038831458
get fund 0038841459
get fund 0038851460
get fund 0038861461
get fund 0038871462
get fund 0038891463
get fund 0038901464
get fund 0038951465
get fund 0038961466
get fund 0039001467
get fund 0039011468
get fund 0039061469
get fund 0039071470
get fund 0039121471
get fund 0039131472
get fund 0039141473
get fund 0039151474
get fund 0039161475
get fund 0039171476
get fund 0039181477
get fund 0039191478
get fund 0039221479
get fund 0039231480
get fund 0039241481
get fund 0039251482
get fund 0039381483
get fund 0039391484
get fund 0039401485
get fund 0039411486
get fund 0039421487
get fund 0039431488
get fund 0039441489
get fund 0039451490
get fund 0039461491
get fund 0039501492
get fund 0039511493
get fund 0039541494
get fund 0039551495
get fund 0039571496
get fund 0039581497
get fund 0039591498
get fund 0039601499
get fund 0039611500
get fund 0039621501
get fund 0039641502
get fund 0039661503
get fund 0039671504
get fund 0039701505
get fund 0039711506
get fund 0039741507
get fund 0039751508
get fund 0039801509
get fund 0039811510
get fund 0039911511
get fund 0039921512
get fund 0039931513
get fund 0040001514
get fund 0040031515
get fund 0040041516
get fund 0040051517
get fund 0040061518
get fund 0040081519
get fund 0040091520
get fund 0040101521
get fund 0040111522
get fund 0040121523
get fund 0040131524
get fund 0040141525
get fund 0040151526
get fund 0040181527
get fund 0040191528
get fund 0040231529
get fund 0040361530
get fund 0040371531
get fund 0040401532
get fund 0040411533
get fund 0040461534
get fund 0040471535
get fund 0040481536
get fund 0040491537
get fund 0040501538
get fund 0040511539
get fund 0040641540
get fund 0040651541
get fund 0040671542
get fund 0040681543
get fund 0040741544
get fund 0040761545
get fund 0040811546
get fund 0040821547
get fund 0040831548
get fund 0040841549
get fund 0040911550
get fund 0040921551
get fund 0040941552
get fund 0040951553
get fund 0040961554
get fund 0040991555
get fund 0041001556
get fund 0041011557
get fund 0041101558
get fund 0041111559
get fund 0041121560
get fund 0041131561
get fund 0041141562
get fund 0041151563
get fund 0041161564
get fund 0041191565
get fund 0041281566
get fund 0041291567
get fund 0041301568
get fund 0041311569
get fund 0041321570
get fund 0041351571
get fund 0041381572
get fund 0041391573
get fund 0041421574
get fund 0041431575
get fund 0041441576
get fund 0041451577
get fund 0041461578
get fund 0041471579
get fund 0041481580
get fund 0041491581
get fund 0041501582
get fund 0041531583
get fund 0041541584
get fund 0041551585
get fund 0041561586
get fund 0041571587
get fund 0041581588
get fund 0041651589
get fund 0041661590
get fund 0041711591
get fund 0041721592
get fund 0041751593
get fund 0041761594
get fund 0041821595
get fund 0041831596
get fund 0041891597
get fund 0042021598
get fund 0042051599
get fund 0042061600
get fund 0042071601
get fund 0042081602
get fund 0042091603
get fund 0042121604
get fund 0042181605
get fund 0042191606
get fund 0042211607
get fund 0042231608
get fund 0042241609
get fund 0042251610
get fund 0042261611
get fund 0042271612
get fund 0042281613
get fund 0042311614
get fund 0042321615
get fund 0042331616
get fund 0042341617
get fund 0042351618
get fund 0042361619
get fund 0042371620
get fund 0042441621
get fund 0042451622
get fund 0042481623
get fund 0042491624
get fund 0042501625
get fund 0042521626
get fund 0042531627
get fund 0042581628
get fund 0042591629
get fund 0042601630
get fund 0042631631
get fund 0042651632
get fund 0042661633
get fund 0042681634
get fund 0042691635
get fund 0042701636
get fund 0042711637
get fund 0042761638
get fund 0042771639
get fund 0042781640
get fund 0042791641
get fund 0042801642
get fund 0042811643
get fund 0042831644
get fund 0042841645
get fund 0042871646
get fund 0042891647
get fund 0042971648
get fund 0042981649
get fund 0042991650
get fund 0043001651
get fund 0043011652
get fund 0043021653
get fund 0043031654
get fund 0043041655
get fund 0043051656
get fund 0043061657
get fund 0043081658
get fund 0043091659
get fund 0043101660
get fund 0043111661
get fund 0043121662
get fund 0043131663
get fund 0043141664
get fund 0043151665
get fund 0043161666
get fund 0043171667
get fund 0043201668
get fund 0043211669
get fund 0043261670
get fund 0043271671
get fund 0043281672
get fund 0043291673
get fund 0043321674
get fund 0043351675
get fund 0043361676
get fund 0043371677
get fund 0043381678
get fund 0043391679
get fund 0043401680
get fund 0043411681
get fund 0043511682
get fund 0043531683
get fund 0043551684
get fund 0043571685
get fund 0043581686
get fund 0043591687
get fund 0043601688
get fund 0043611689
get fund 0043621690
get fund 0043741691
get fund 0043751692
get fund 0043781693
get fund 0043791694
get fund 0043801695
get fund 0043811696
get fund 0043851697
get fund 0043901698
get fund 0043911699
get fund 0043931700
get fund 0043941701
get fund 0043961702
get fund 0043971703
get fund 0044051704
get fund 0044061705
get fund 0044111706
get fund 0044121707
get fund 0044131708
get fund 0044231709
get fund 0044291710
get fund 0044341711
get fund 0044351712
get fund 0044361713
get fund 0044371714
get fund 0044421715
get fund 0044431716
get fund 0044441717
get fund 0044461718
get fund 0044471719
get fund 0044481720
get fund 0044511721
get fund 0044521722
get fund 0044531723
get fund 0044541724
get fund 0044551725
get fund 0044561726
get fund 0044571727
get fund 0044601728
get fund 0044661729
get fund 0044681730
get fund 0044751731
get fund 0044771732
get fund 0044801733
get fund 0044811734
get fund 0044891735
get fund 0044901736
get fund 0044911737
get fund 0044921738
get fund 0044951739
get fund 0044961740
get fund 0044971741
get fund 0045051742
get fund 0045081743
get fund 0045101744
get fund 0045121745
get fund 0045131746
get fund 0045141747
get fund 0045171748
get fund 0045181749
get fund 0045191750
get fund 0045211751
get fund 0045221752
get fund 0045251753
get fund 0045341754
get fund 0045351755
get fund 0045361756
get fund 0045491757
get fund 0045511758
get fund 0045521759
get fund 0045581760
get fund 0045591761
get fund 0045601762
get fund 0045611763
get fund 0045691764
get fund 0045731765
get fund 0045761766
get fund 0045871767
get fund 0045881768
get fund 0045921769
get fund 0045951770
get fund 0046041771
get fund 0046051772
get fund 0046341773
get fund 0046351774
get fund 0046361775
get fund 0046411776
get fund 0046461777
get fund 0046481778
get fund 0046491779
get fund 0046591780
get fund 0046601781
get fund 0046661782
get fund 0046701783
get fund 0046711784
get fund 0046761785
get fund 0046771786
get fund 0046801787
get fund 0046941788
get fund 0047021789
get fund 0047031790
get fund 0047121791
get fund 0047131792
get fund 0047141793
get fund 0047151794
get fund 0047261795
get fund 0047271796
get fund 0047281797
get fund 0047291798
get fund 0047371799
get fund 0047401800
get fund 0047411801
get fund 0047451802
get fund 0047471803
get fund 0047481804
get fund 0047681805
get fund 0047721806
get fund 0047731807
get fund 0047741808
get fund 0047751809
get fund 0047771810
get fund 0047831811
get fund 0047851812
get fund 0048271813
get fund 0048281814
get fund 0048291815
get fund 0048451816
get fund 0048461817
get fund 0048681818
get fund 0048711819
get fund 0048831820
get fund 0048841821
get fund 0048881822
get fund 0048891823
get fund 0048951824
get fund 0048971825
get fund 0048981826
get fund 0049051827
get fund 0049071828
get fund 0049081829
get fund 0049161830
get fund 0049321831
get fund 0049331832
get fund 0049351833
get fund 0049441834
get fund 0049461835
get fund 0049471836
get fund 0049481837
get fund 0049511838
get fund 0049581839
get fund 0049651840
get fund 0049661841
get fund 0049751842
get fund 0049861843
get fund 0049871844
get fund 0050001845
get fund 0050051846
get fund 0050061847
get fund 0050071848
get fund 0050281849
get fund 0050391850
get fund 0050401851
get fund 0050491852
get fund 0050501853
get fund 0050531854
get fund 0050551855
get fund 0050761856
get fund 0050881857
get fund 0050891858
get fund 0051111859
get fund 0051171860
get fund 0051181861
get fund 0051191862
get fund 0051541863
get fund 0051551864
get fund 0200011865
get fund 0200031866
get fund 0200051867
get fund 0200091868
get fund 0200101869
get fund 0200151870
get fund 0200221871
get fund 0200231872
get fund 0200261873
get fund 0400011874
get fund 0400041875
get fund 0400051876
get fund 0400071877
get fund 0400081878
get fund 0400111879
get fund 0400151880
get fund 0400161881
get fund 0400201882
get fund 0400251883
get fund 0400351884
get fund 0500011885
get fund 0500041886
get fund 0500071887
get fund 0500081888
get fund 0500091889
get fund 0500101890
get fund 0500121891
get fund 0500141892
get fund 0500181893
get fund 0500221894
get fund 0500261895
get fund 0500291896
get fund 0502011897
get fund 0700011898
get fund 0700021899
get fund 0700031900
get fund 0700061901
get fund 0700101902
get fund 0700111903
get fund 0700131904
get fund 0700171905
get fund 0700181906
get fund 0700191907
get fund 0700211908
get fund 0700221909
get fund 0700271910
get fund 0700321911
get fund 0700991912
get fund 0800011913
get fund 0800021914
get fund 0800051915
get fund 0800071916
get fund 0800081917
get fund 0800121918
get fund 0800151919
get fund 0900011920
get fund 0900031921
get fund 0900041922
get fund 0900061923
get fund 0900071924
get fund 0900091925
get fund 0900111926
get fund 0900131927
get fund 0900151928
get fund 0900161929
get fund 0900181930
get fund 0900201931
get fund 1000161932
get fund 1000201933
get fund 1000221934
get fund 1000261935
get fund 1000291936
get fund 1000391937
get fund 1000561938
get fund 1000601939
get fund 1100011940
get fund 1100021941
get fund 1100051942
get fund 1100091943
get fund 1100101944
get fund 1100111945
get fund 1100121946
get fund 1100131947
get fund 1100151948
get fund 1100231949
get fund 1100251950
get fund 1100291951
get fund 1120021952
get fund 1210011953
get fund 1210021954
get fund 1210031955
get fund 1210051956
get fund 1210061957
get fund 1210081958
get fund 1501031959
get fund 1509681960
get fund 1510011961
get fund 1601051962
get fund 1601061963
get fund 1602111964
get fund 1602121965
get fund 1602151966
get fund 1602201967
get fund 1602261968
get fund 1603111969
get fund 1603141970
get fund 1603231971
get fund 1603241972
get fund 1604211973
get fund 1605051974
get fund 1605121975
get fund 1605181976
get fund 1605191977
get fund 1605201978
get fund 1605211979
get fund 1605221980
get fund 1605241981
get fund 1605251982
get fund 1606031983
get fund 1606051984
get fund 1606071985
get fund 1606101986
get fund 1606111987
get fund 1606131988
get fund 1606241989
get fund 1606271990
get fund 1606421991
get fund 1607221992
get fund 1608051993
get fund 1608121994
get fund 1608131995
get fund 1609101996
get fund 1609161997
get fund 1609181998
get fund 1609211999
get fund 1610052000
get fund 1610382001
get fund 1612192002
get fund 1612222003
get fund 1612242004
get fund 1612252005
get fund 1612262006
get fund 1612322007
get fund 1612332008
get fund 1616012009
get fund 1616052010
get fund 1616062011
get fund 1616092012
get fund 1616102013
get fund 1616112014
get fund 1616162015
get fund 1617062016
get fund 1617222017
get fund 1617272018
get fund 1618102019
get fund 1618182020
get fund 1618342021
get fund 1618352022
get fund 1619032023
get fund 1620062024
get fund 1621022025
get fund 1622012026
get fund 1622022027
get fund 1622032028
get fund 1622042029
get fund 1622052030
get fund 1622072031
get fund 1622092032
get fund 1622112033
get fund 1622122034
get fund 1622142035
get fund 1624142036
get fund 1626052037
get fund 1626072038
get fund 1627032039
get fund 1627172040
get fund 1627182041
get fund 1630012042
get fund 1633022043
get fund 1634022044
get fund 1634062045
get fund 1634092046
get fund 1634112047
get fund 1634122048
get fund 1634152049
get fund 1635032050
get fund 1638012051
get fund 1638032052
get fund 1638042053
get fund 1638052054
get fund 1638072055
get fund 1638092056
get fund 1638102057
get fund 1638182058
get fund 1638222059
get fund 1644032060
get fund 1653132061
get fund 1653172062
get fund 1655082063
get fund 1655122064
get fund 1655162065
get fund 1655262066
get fund 1655272067
get fund 1655282068
get fund 1655312069
get fund 1655322070
get fund 1660012071
get fund 1660022072
get fund 1660052073
get fund 1660062074
get fund 1660092075
get fund 1660112076
get fund 1660192077
get fund 1660202078
get fund 1660232079
get fund 1663012080
get fund 1668012081
get fund 1670012082
get fund 1670022083
get fund 1670032084
get fund 1670042085
get fund 1680022086
get fund 1681012087
get fund 1681022088
get fund 1681032089
get fund 1681042090
get fund 1681052091
get fund 1681062092
get fund 1681072093
get fund 1681082094
get fund 1683012095
get fund 1684012096
get fund 1685012097
get fund 1691012098
get fund 1691022099
get fund 1691032100
get fund 1691042101
get fund 1691052102
get fund 1692012103
get fund 1800012104
get fund 1800102105
get fund 1800122106
get fund 1800132107
get fund 1800182108
get fund 1800202109
get fund 1800282110
get fund 1800312111
get fund 1848012112
get fund 2000012113
get fund 2000062114
get fund 2000072115
get fund 2000082116
get fund 2000102117
get fund 2000112118
get fund 2000122119
get fund 2000152120
get fund 2020012121
get fund 2020022122
get fund 2020032123
get fund 2020052124
get fund 2020072125
get fund 2020092126
get fund 2020112127
get fund 2020192128
get fund 2020232129
get fund 2020272130
get fund 2022122131
get fund 2060012132
get fund 2060022133
get fund 2060072134
get fund 2060092135
get fund 2100012136
get fund 2100022137
get fund 2100032138
get fund 2100042139
get fund 2100052140
get fund 2100062141
get fund 2100072142
get fund 2100082143
get fund 2100092144
get fund 2100102145
get fund 2100112146
get fund 2130012147
get fund 2130022148
get fund 2130032149
get fund 2130062150
get fund 2130082151
get fund 2170012152
get fund 2170022153
get fund 2170052154
get fund 2170092155
get fund 2170102156
get fund 2170122157
get fund 2170132158
get fund 2170202159
get fund 2170212160
get fund 2290022161
get fund 2330012162
get fund 2330062163
get fund 2330072164
get fund 2330082165
get fund 2330092166
get fund 2330112167
get fund 2330152168
get fund 2400012169
get fund 2400022170
get fund 2400042171
get fund 2400052172
get fund 2400082173
get fund 2400092174
get fund 2400102175
get fund 2400112176
get fund 2400172177
get fund 2400202178
get fund 2400222179
get fund 2530102180
get fund 2550102181
get fund 2570102182
get fund 2570202183
get fund 2570302184
get fund 2570402185
get fund 2570502186
get fund 2570702187
get fund 2601012188
get fund 2601032189
get fund 2601042190
get fund 2601082191
get fund 2601092192
get fund 2601102193
get fund 2601112194
get fund 2601122195
get fund 2601152196
get fund 2601162197
get fund 2601172198
get fund 2700012199
get fund 2700022200
get fund 2700052201
get fund 2700062202
get fund 2700072203
get fund 2700082204
get fund 2700212205
get fund 2700222206
get fund 2700252207
get fund 2700412208
get fund 2700502209
get fund 2880012210
get fund 2880022211
get fund 2900022212
get fund 2900042213
get fund 2900052214
get fund 2900062215
get fund 2900082216
get fund 2900112217
get fund 2900122218
get fund 2900142219
get fund 3103082220
get fund 3103282221
get fund 3103582222
get fund 3103682223
get fund 3103882224
get fund 3200012225
get fund 3200032226
get fund 3200052227
get fund 3200062228
get fund 3200072229
get fund 3200112230
get fund 3200122231
get fund 3200152232
get fund 3200162233
get fund 3200182234
get fund 3400012235
get fund 3400072236
get fund 3400082237
get fund 3500012238
get fund 3500022239
get fund 3500052240
get fund 3500072241
get fund 3500082242
get fund 3500092243
get fund 3600052244
get fund 3600062245
get fund 3600072246
get fund 3600112247
get fund 3600122248
get fund 3600162249
get fund 3700242250
get fund 3700272251
get fund 3730102252
get fund 3730202253
get fund 3750102254
get fund 3770102255
get fund 3770202256
get fund 3771502257
get fund 3772402258
get fund 3775302259
get fund 3780102260
get fund 3790102261
get fund 3930012262
get fund 3980012263
get fund 3980112264
get fund 3980212265
get fund 3980312266
get fund 3980412267
get fund 3980512268
get fund 3980612269
get fund 4000012270
get fund 4000032271
get fund 4000072272
get fund 4000112273
get fund 4000132274
get fund 4000152275
get fund 4000182276
get fund 4000222277
get fund 4000232278
get fund 4000252279
get fund 4000322280
get fund 4100012281
get fund 4100032282
get fund 4100062283
get fund 4100072284
get fund 4100092285
get fund 4200012286
get fund 4200032287
get fund 4200052288
get fund 4200092289
get fund 4500012290
get fund 4500022291
get fund 4500032292
get fund 4500042293
get fund 4500072294
get fund 4500102295
get fund 4600012296
get fund 4600022297
get fund 4600052298
get fund 4600072299
get fund 4600092300
get fund 4700062301
get fund 4700082302
get fund 4700092303
get fund 4700212304
get fund 4700282305
get fund 4700982306
get fund 4810012307
get fund 4810042308
get fund 4810062309
get fund 4810082310
get fund 4810102311
get fund 4810132312
get fund 4810152313
get fund 4810172314
get fund 4830032315
get fund 4870212316
get fund 5010002317
get fund 5010012318
get fund 5010032319
get fund 5010152320
get fund 5010172321
get fund 5010222322
get fund 5010262323
get fund 5010272324
get fund 5010282325
get fund 5010322326
get fund 5010332327
get fund 5010352328
get fund 5010382329
get fund 5010392330
get fund 5010402331
get fund 5010412332
get fund 5010422333
get fund 5058882334
get fund 5100812335
get fund 5190012336
get fund 5190022337
get fund 5190032338
get fund 5190052339
get fund 5190072340
get fund 5190082341
get fund 5190112342
get fund 5190132343
get fund 5190152344
get fund 5190172345
get fund 5190182346
get fund 5190192347
get fund 5190202348
get fund 5190212349
get fund 5190222350
get fund 5190252351
get fund 5190262352
get fund 5190292353
get fund 5190332354
get fund 5190352355
get fund 5190392356
get fund 5190502357
get fund 5190562358
get fund 5190622359
get fund 5190662360
get fund 5190682361
get fund 5190692362
get fund 5190872363
get fund 5190892364
get fund 5190912365
get fund 5190932366
get fund 5190952367
get fund 5190972368
get fund 5190992369
get fund 5191102370
get fund 5191132371
get fund 5191152372
get fund 5191202373
get fund 5191252374
get fund 5191262375
get fund 5191272376
get fund 5191302377
get fund 5191322378
get fund 5191332379
get fund 5191342380
get fund 5191392381
get fund 5191502382
get fund 5191562383
get fund 5191572384
get fund 5191582385
get fund 5191652386
get fund 5191702387
get fund 5191712388
get fund 5191722389
get fund 5191732390
get fund 5191752391
get fund 5191762392
get fund 5191772393
get fund 5191812394
get fund 5191832395
get fund 5191852396
get fund 5191912397
get fund 5191952398
get fund 5191962399
get fund 5192122400
get fund 5192212401
get fund 5192222402
get fund 5192232403
get fund 5192242404
get fund 5192272405
get fund 5192282406
get fund 5192292407
get fund 5196102408
get fund 5196112409
get fund 5196122410
get fund 5196132411
get fund 5196142412
get fund 5196152413
get fund 5196162414
get fund 5196172415
get fund 5196182416
get fund 5196192417
get fund 5196202418
get fund 5196212419
get fund 5196232420
get fund 5196242421
get fund 5196252422
get fund 5196262423
get fund 5196272424
get fund 5196282425
get fund 5196292426
get fund 5196302427
get fund 5196332428
get fund 5196342429
get fund 5196402430
get fund 5196412431
get fund 5196422432
get fund 5196442433
get fund 5196462434
get fund 5196472435
get fund 5196492436
get fund 5196502437
get fund 5196512438
get fund 5196522439
get fund 5196532440
get fund 5196552441
get fund 5196562442
get fund 5196572443
get fund 5196642444
get fund 5196652445
get fund 5196682446
get fund 5196702447
get fund 5196722448
get fund 5196742449
get fund 5196782450
get fund 5196792451
get fund 5196882452
get fund 5196902453
get fund 5196922454
get fund 5196942455
get fund 5196972456
get fund 5196982457
get fund 5197002458
get fund 5197022459
get fund 5197042460
get fund 5197102461
get fund 5197122462
get fund 5197272463
get fund 5197322464
get fund 5197362465
get fund 5197382466
get fund 5197522467
get fund 5197552468
get fund 5197562469
get fund 5197592470
get fund 5197602471
get fund 5197612472
get fund 5197642473
get fund 5197652474
get fund 5197672475
get fund 5197682476
get fund 5197692477
get fund 5197702478
get fund 5197712479
get fund 5197722480
get fund 5197732481
get fund 5197782482
get fund 5197792483
get fund 5197812484
get fund 5199082485
get fund 5199092486
get fund 5199152487
get fund 5199182488
get fund 5199292489
get fund 5199492490
get fund 5199512491
get fund 5199562492
get fund 5199572493
get fund 5199592494
get fund 5199602495
get fund 5199612496
get fund 5199622497
get fund 5199632498
get fund 5199692499
get fund 5199712500
get fund 5199792501
get fund 5199832502
get fund 5199872503
get fund 5199912504
get fund 5199932505
get fund 5199952506
get fund 5199972507
get fund 5300012508
get fund 5300032509
get fund 5300052510
get fund 5300062511
get fund 5300112512
get fund 5300122513
get fund 5300162514
get fund 5300192515
get fund 5400012516
get fund 5400022517
get fund 5400032518
get fund 5400042519
get fund 5500012520
get fund 5500022521
get fund 5500032522
get fund 5500082523
get fund 5500092524
get fund 5600022525
get fund 5600032526
get fund 5600062527
get fund 5700012528
get fund 5700052529
get fund 5700062530
get fund 5700072531
get fund 5700082532
get fund 5710022533
get fund 5800012534
get fund 5800022535
get fund 5800032536
get fund 5800052537
get fund 5800062538
get fund 5800072539
get fund 5800082540
get fund 5800092541
get fund 5820032542
get fund 5900012543
get fund 5900022544
get fund 5900032545
get fund 5900052546
get fund 5900062547
get fund 5900082548
get fund 6100012549
get fund 6100022550
get fund 6100042551
get fund 6100052552
get fund 6100062553
get fund 6100072554
get fund 6200012555
get fund 6200022556
get fund 6200042557
get fund 6200052558
get fund 6200062559
get fund 6200072560
get fund 6200082561
get fund 6300012562
get fund 6300022563
get fund 6300052564
get fund 6300062565
get fund 6300082566
get fund 6300102567
get fund 6300112568
get fund 6300152569
get fund 6300162570
get fund 6600012571
get fund 6600032572
get fund 6600042573
get fund 6600052574
get fund 6600062575
get fund 6600102576
get fund 6600122577
get fund 6600152578
get fund 6710102579
get fund 6730102580
get fund 6730202581
get fund 6730302582
get fund 6730402583
get fund 6730432584
get fund 6730502585
get fund 6730602586
get fund 6730712587
get fund 6730732588
get fund 6730812589
get fund 6730832590
get fund 6731002591
get fund 6731102592
get fund 6731202593
get fund 6800012594
get fund 6888882595
get fund 6900012596
get fund 6900032597
get fund 6900042598
get fund 6900052599
get fund 6900072600
get fund 6900092601
get fund 6900112602
get fund 7000012603
get fund 7000032604
get fund 7100012605
get fund 7100022606
get fund 7200012607
get fund 7300012608
get fund 7300022609
get fund 7400012610
get fund 7500012611
get fund 7500052612
get fund 7620012613
get fund 7700012614
